0 info it worked if it ends with ok
1 verbose cli [ 'node', '/usr/local/bin/npm', 'publish', '--force' ]
2 info using npm@1.2.30
3 info using node@v0.8.26
4 warn using --force I sure hope you know what you are doing.
5 verbose publish [ '.' ]
6 verbose read json /Users/ryokota/code/generator-angular-scotty/package.json
7 verbose cache add [ '.', null ]
8 verbose cache add name=undefined spec="." args=[".",null]
9 verbose parsed url { pathname: '.', path: '.', href: '.' }
10 silly lockFile 3a52ce78- .
11 verbose lock . /Users/ryokota/.npm/3a52ce78-.lock
12 verbose read json package.json
13 verbose tar pack [ '/var/folders/6g/1h2r2rrs75n9zh_14mpcjstc000_4l/T/npm-44306/1393538686845-0.14951104833744466/tmp.tgz',
13 verbose tar pack   '.' ]
14 verbose tarball /var/folders/6g/1h2r2rrs75n9zh_14mpcjstc000_4l/T/npm-44306/1393538686845-0.14951104833744466/tmp.tgz
15 verbose folder .
16 info prepublish generator-angular-scotty@0.1.6
17 silly lockFile 1f1177db-tar tar://.
18 verbose lock tar://. /Users/ryokota/.npm/1f1177db-tar.lock
19 silly lockFile 2120b026-6845-0-14951104833744466-tmp-tgz tar:///var/folders/6g/1h2r2rrs75n9zh_14mpcjstc000_4l/T/npm-44306/1393538686845-0.14951104833744466/tmp.tgz
20 verbose lock tar:///var/folders/6g/1h2r2rrs75n9zh_14mpcjstc000_4l/T/npm-44306/1393538686845-0.14951104833744466/tmp.tgz /Users/ryokota/.npm/2120b026-6845-0-14951104833744466-tmp-tgz.lock
21 silly lockFile 1f1177db-tar tar://.
22 silly lockFile 1f1177db-tar tar://.
23 silly lockFile 2120b026-6845-0-14951104833744466-tmp-tgz tar:///var/folders/6g/1h2r2rrs75n9zh_14mpcjstc000_4l/T/npm-44306/1393538686845-0.14951104833744466/tmp.tgz
24 silly lockFile 2120b026-6845-0-14951104833744466-tmp-tgz tar:///var/folders/6g/1h2r2rrs75n9zh_14mpcjstc000_4l/T/npm-44306/1393538686845-0.14951104833744466/tmp.tgz
25 verbose tar unpack /var/folders/6g/1h2r2rrs75n9zh_14mpcjstc000_4l/T/npm-44306/1393538686845-0.14951104833744466/tmp.tgz
26 silly lockFile 9cf13251-6845-0-14951104833744466-package tar:///var/folders/6g/1h2r2rrs75n9zh_14mpcjstc000_4l/T/npm-44306/1393538686845-0.14951104833744466/package
27 verbose lock tar:///var/folders/6g/1h2r2rrs75n9zh_14mpcjstc000_4l/T/npm-44306/1393538686845-0.14951104833744466/package /Users/ryokota/.npm/9cf13251-6845-0-14951104833744466-package.lock
28 silly lockFile 2120b026-6845-0-14951104833744466-tmp-tgz tar:///var/folders/6g/1h2r2rrs75n9zh_14mpcjstc000_4l/T/npm-44306/1393538686845-0.14951104833744466/tmp.tgz
29 verbose lock tar:///var/folders/6g/1h2r2rrs75n9zh_14mpcjstc000_4l/T/npm-44306/1393538686845-0.14951104833744466/tmp.tgz /Users/ryokota/.npm/2120b026-6845-0-14951104833744466-tmp-tgz.lock
30 silly gunzTarPerm modes [ '755', '644' ]
31 silly gunzTarPerm extractEntry package.json
32 silly gunzTarPerm extractEntry .npmignore
33 silly gunzTarPerm extractEntry README.md
34 silly gunzTarPerm extractEntry LICENSE
35 silly gunzTarPerm extractEntry entity/index.js
36 silly gunzTarPerm extractEntry entity/templates/_generator.json
37 silly gunzTarPerm extractEntry entity/templates/public/js/entity/_entity-controller.js
38 silly gunzTarPerm extractEntry entity/templates/public/js/entity/_entity-router.js
39 silly gunzTarPerm extractEntry entity/templates/public/js/entity/_entity-service.js
40 silly gunzTarPerm extractEntry entity/templates/public/views/entity/_entities.html
41 silly gunzTarPerm extractEntry app/index.js
42 silly gunzTarPerm extractEntry app/templates/Gruntfile.js
43 silly gunzTarPerm extractEntry app/templates/gitignore
44 silly gunzTarPerm extractEntry app/templates/_package.json
45 silly gunzTarPerm extractEntry app/templates/app.cabal
46 silly gunzTarPerm extractEntry app/templates/bowerrc
47 silly gunzTarPerm extractEntry app/templates/editorconfig
48 silly gunzTarPerm extractEntry app/templates/_generator.json
49 silly gunzTarPerm extractEntry app/templates/_bower.json
50 silly gunzTarPerm extractEntry app/templates/jshintrc
51 silly gunzTarPerm extractEntry app/templates/public/_index.html
52 silly gunzTarPerm extractEntry app/templates/public/css/app.css
53 silly gunzTarPerm extractEntry app/templates/public/js/_app.js
54 silly gunzTarPerm extractEntry app/templates/public/js/home/_home-controller.js
55 silly gunzTarPerm extractEntry app/templates/public/views/home/_home.html
56 silly gunzTarPerm extractEntry app/templates/Setup.hs
57 silly gunzTarPerm extractEntry app/templates/src/_Main.hs
58 silly gunzTarPerm extractEntry app/templates/src/_Models.hs
59 silly gunzTarPerm extractEntry .gitattributes
60 silly gunzTarPerm extractEntry .editorconfig
61 silly gunzTarPerm extractEntry .jshintrc
62 silly gunzTarPerm extractEntry .travis.yml
63 silly gunzTarPerm extractEntry test/test-creation.js
64 silly gunzTarPerm extractEntry test/test-load.js
65 verbose read json /var/folders/6g/1h2r2rrs75n9zh_14mpcjstc000_4l/T/npm-44306/1393538686845-0.14951104833744466/package/package.json
66 silly lockFile 9cf13251-6845-0-14951104833744466-package tar:///var/folders/6g/1h2r2rrs75n9zh_14mpcjstc000_4l/T/npm-44306/1393538686845-0.14951104833744466/package
67 silly lockFile 9cf13251-6845-0-14951104833744466-package tar:///var/folders/6g/1h2r2rrs75n9zh_14mpcjstc000_4l/T/npm-44306/1393538686845-0.14951104833744466/package
68 silly lockFile 2120b026-6845-0-14951104833744466-tmp-tgz tar:///var/folders/6g/1h2r2rrs75n9zh_14mpcjstc000_4l/T/npm-44306/1393538686845-0.14951104833744466/tmp.tgz
69 silly lockFile 2120b026-6845-0-14951104833744466-tmp-tgz tar:///var/folders/6g/1h2r2rrs75n9zh_14mpcjstc000_4l/T/npm-44306/1393538686845-0.14951104833744466/tmp.tgz
70 verbose from cache /var/folders/6g/1h2r2rrs75n9zh_14mpcjstc000_4l/T/npm-44306/1393538686845-0.14951104833744466/package/package.json
71 verbose tar pack [ '/Users/ryokota/.npm/generator-angular-scotty/0.1.6/package.tgz',
71 verbose tar pack   '/var/folders/6g/1h2r2rrs75n9zh_14mpcjstc000_4l/T/npm-44306/1393538686845-0.14951104833744466/package' ]
72 verbose tarball /Users/ryokota/.npm/generator-angular-scotty/0.1.6/package.tgz
73 verbose folder /var/folders/6g/1h2r2rrs75n9zh_14mpcjstc000_4l/T/npm-44306/1393538686845-0.14951104833744466/package
74 silly lockFile 9cf13251-6845-0-14951104833744466-package tar:///var/folders/6g/1h2r2rrs75n9zh_14mpcjstc000_4l/T/npm-44306/1393538686845-0.14951104833744466/package
75 verbose lock tar:///var/folders/6g/1h2r2rrs75n9zh_14mpcjstc000_4l/T/npm-44306/1393538686845-0.14951104833744466/package /Users/ryokota/.npm/9cf13251-6845-0-14951104833744466-package.lock
76 silly lockFile 9dfa8c2f-angular-scotty-0-1-6-package-tgz tar:///Users/ryokota/.npm/generator-angular-scotty/0.1.6/package.tgz
77 verbose lock tar:///Users/ryokota/.npm/generator-angular-scotty/0.1.6/package.tgz /Users/ryokota/.npm/9dfa8c2f-angular-scotty-0-1-6-package-tgz.lock
78 silly lockFile 9cf13251-6845-0-14951104833744466-package tar:///var/folders/6g/1h2r2rrs75n9zh_14mpcjstc000_4l/T/npm-44306/1393538686845-0.14951104833744466/package
79 silly lockFile 9cf13251-6845-0-14951104833744466-package tar:///var/folders/6g/1h2r2rrs75n9zh_14mpcjstc000_4l/T/npm-44306/1393538686845-0.14951104833744466/package
80 silly lockFile 9dfa8c2f-angular-scotty-0-1-6-package-tgz tar:///Users/ryokota/.npm/generator-angular-scotty/0.1.6/package.tgz
81 silly lockFile 9dfa8c2f-angular-scotty-0-1-6-package-tgz tar:///Users/ryokota/.npm/generator-angular-scotty/0.1.6/package.tgz
82 silly lockFile 290dbddf-tor-angular-scotty-0-1-6-package /Users/ryokota/.npm/generator-angular-scotty/0.1.6/package
83 verbose lock /Users/ryokota/.npm/generator-angular-scotty/0.1.6/package /Users/ryokota/.npm/290dbddf-tor-angular-scotty-0-1-6-package.lock
84 silly lockFile 290dbddf-tor-angular-scotty-0-1-6-package /Users/ryokota/.npm/generator-angular-scotty/0.1.6/package
85 silly lockFile 290dbddf-tor-angular-scotty-0-1-6-package /Users/ryokota/.npm/generator-angular-scotty/0.1.6/package
86 verbose tar unpack /Users/ryokota/.npm/generator-angular-scotty/0.1.6/package.tgz
87 silly lockFile 981ff289-tor-angular-scotty-0-1-6-package tar:///Users/ryokota/.npm/generator-angular-scotty/0.1.6/package
88 verbose lock tar:///Users/ryokota/.npm/generator-angular-scotty/0.1.6/package /Users/ryokota/.npm/981ff289-tor-angular-scotty-0-1-6-package.lock
89 silly lockFile 9dfa8c2f-angular-scotty-0-1-6-package-tgz tar:///Users/ryokota/.npm/generator-angular-scotty/0.1.6/package.tgz
90 verbose lock tar:///Users/ryokota/.npm/generator-angular-scotty/0.1.6/package.tgz /Users/ryokota/.npm/9dfa8c2f-angular-scotty-0-1-6-package-tgz.lock
91 silly gunzTarPerm modes [ '755', '644' ]
92 silly gunzTarPerm extractEntry package.json
93 silly gunzTarPerm extractEntry .npmignore
94 silly gunzTarPerm extractEntry README.md
95 silly gunzTarPerm extractEntry LICENSE
96 silly gunzTarPerm extractEntry app/index.js
97 silly gunzTarPerm extractEntry app/templates/Gruntfile.js
98 silly gunzTarPerm extractEntry app/templates/gitignore
99 silly gunzTarPerm extractEntry app/templates/_package.json
100 silly gunzTarPerm extractEntry app/templates/app.cabal
101 silly gunzTarPerm extractEntry app/templates/bowerrc
102 silly gunzTarPerm extractEntry app/templates/editorconfig
103 silly gunzTarPerm extractEntry app/templates/_generator.json
104 silly gunzTarPerm extractEntry app/templates/_bower.json
105 silly gunzTarPerm extractEntry app/templates/jshintrc
106 silly gunzTarPerm extractEntry app/templates/public/_index.html
107 silly gunzTarPerm extractEntry app/templates/public/css/app.css
108 silly gunzTarPerm extractEntry app/templates/public/js/_app.js
109 silly gunzTarPerm extractEntry app/templates/public/js/home/_home-controller.js
110 silly gunzTarPerm extractEntry app/templates/public/views/home/_home.html
111 silly gunzTarPerm extractEntry app/templates/Setup.hs
112 silly gunzTarPerm extractEntry app/templates/src/_Main.hs
113 silly gunzTarPerm extractEntry app/templates/src/_Models.hs
114 silly gunzTarPerm extractEntry .gitattributes
115 silly gunzTarPerm extractEntry entity/index.js
116 silly gunzTarPerm extractEntry entity/templates/_generator.json
117 silly gunzTarPerm extractEntry entity/templates/public/js/entity/_entity-controller.js
118 silly gunzTarPerm extractEntry entity/templates/public/js/entity/_entity-router.js
119 silly gunzTarPerm extractEntry entity/templates/public/js/entity/_entity-service.js
120 silly gunzTarPerm extractEntry entity/templates/public/views/entity/_entities.html
121 silly gunzTarPerm extractEntry .jshintrc
122 silly gunzTarPerm extractEntry .editorconfig
123 silly gunzTarPerm extractEntry .travis.yml
124 silly gunzTarPerm extractEntry test/test-creation.js
125 silly gunzTarPerm extractEntry test/test-load.js
126 verbose read json /Users/ryokota/.npm/generator-angular-scotty/0.1.6/package/package.json
127 silly lockFile 981ff289-tor-angular-scotty-0-1-6-package tar:///Users/ryokota/.npm/generator-angular-scotty/0.1.6/package
128 silly lockFile 981ff289-tor-angular-scotty-0-1-6-package tar:///Users/ryokota/.npm/generator-angular-scotty/0.1.6/package
129 silly lockFile 9dfa8c2f-angular-scotty-0-1-6-package-tgz tar:///Users/ryokota/.npm/generator-angular-scotty/0.1.6/package.tgz
130 silly lockFile 9dfa8c2f-angular-scotty-0-1-6-package-tgz tar:///Users/ryokota/.npm/generator-angular-scotty/0.1.6/package.tgz
131 verbose from cache /Users/ryokota/.npm/generator-angular-scotty/0.1.6/package/package.json
132 verbose chmod /Users/ryokota/.npm/generator-angular-scotty/0.1.6/package.tgz 644
133 verbose chown /Users/ryokota/.npm/generator-angular-scotty/0.1.6/package.tgz [ 10387, 20 ]
134 silly lockFile 3a52ce78- .
135 silly lockFile 3a52ce78- .
136 silly publish { name: 'generator-angular-scotty',
136 silly publish   version: '0.1.6',
136 silly publish   description: 'A Yeoman generator for AngularJS + Scotty',
136 silly publish   keywords:
136 silly publish    [ 'yeoman-generator',
136 silly publish      'Haskell',
136 silly publish      'Scotty',
136 silly publish      'Persistent',
136 silly publish      'AngularJS',
136 silly publish      'Bootstrap' ],
136 silly publish   homepage: 'https://github.com/rayokota/generator-angular-scotty',
136 silly publish   bugs: { url: 'https://github.com/rayokota/generator-angular-scotty/issues' },
136 silly publish   author: { name: 'Robert Yokota', url: 'https://github.com/rayokota' },
136 silly publish   main: 'app/index.js',
136 silly publish   repository:
136 silly publish    { type: 'git',
136 silly publish      url: 'git://github.com/rayokota/generator-angular-scotty.git' },
136 silly publish   scripts: { test: 'mocha' },
136 silly publish   dependencies:
136 silly publish    { 'yeoman-generator': '~0.14.0',
136 silly publish      URIjs: '~1.11.2',
136 silly publish      lodash: '~2.4.1',
136 silly publish      'underscore.string': '~2.3.3',
136 silly publish      pluralize: '~0.0.6',
136 silly publish      asciify: '~1.3.3' },
136 silly publish   devDependencies: { mocha: '~1.14.0' },
136 silly publish   peerDependencies: { yo: '>=1.0.0' },
136 silly publish   engines: { node: '>=0.8.0', npm: '>=1.2.10' },
136 silly publish   licenses: [ { type: 'MIT' } ],
136 silly publish   readme: '# The Angular-Scotty generator \n\nA [Yeoman](http://yeoman.io) generator for [AngularJS](http://angularjs.org) and [Scotty](https://github.com/scotty-web/scotty).\n\nScotty is a Haskell-based micro-framework.  For AngularJS integration with other micro-frameworks, see https://github.com/rayokota/MicroFrameworkRosettaStone.\n\n## Installation\n\nInstall [Git](http://git-scm.com), [node.js](http://nodejs.org), [Haskell](http://www.haskell.org/haskellwiki/Haskell), [GHC 7.6.3](https://www.haskell.org/ghc/), and [Cabal 1.18](http://www.haskell.org/cabal/download.html).  The development mode also requires [SQLite](http://www.sqlite.org).\n\nInstall Yeoman:\n\n    npm install -g yo\n\nInstall the Angular-Scotty generator:\n\n    npm install -g generator-angular-scotty\n\n## Creating a Scotty service\n\nIn a new directory, generate the service:\n\n    yo angular-scotty\n\nCreate the cabal sandbox and install dependencies:\n    \n    cabal sandbox init\n    cabal install\n    \nRun the service:\n\n    cabal run Main\n\nYour service will run at [http://localhost:3000](http://localhost:3000).\n\n\n## Creating a persistent entity\n\nGenerate the entity:\n\n    yo angular-scotty:entity [myentity]\n\nYou will be asked to specify attributes for the entity, where each attribute has the following:\n\n- a name\n- a type (String, Integer, Float, Boolean, Date, Enum)\n- for a String attribute, an optional minimum and maximum length\n- for a numeric attribute, an optional minimum and maximum value\n- for a Date attribute, an optional constraint to either past values or future values\n- for an Enum attribute, a list of enumerated values\n- whether the attribute is required\n\nFiles that are regenerated will appear as conflicts.  Allow the generator to overwrite these files as long as no custom changes have been made.\n\nRun the service:\n\n    cabal run Main\n    \nA client-side AngularJS application will now be available by running\n\n\tgrunt server\n\t\nThe Grunt server will run at [http://localhost:9000](http://localhost:9000).  It will proxy REST requests to the Scotty service running at [http://localhost:3000](http://localhost:3000).\n\nAt this point you should be able to navigate to a page to manage your persistent entities.  \n\nThe Grunt server supports hot reloading of client-side HTML/CSS/Javascript file changes.\n\n',
136 silly publish   readmeFilename: 'README.md',
136 silly publish   _id: 'generator-angular-scotty@0.1.6',
136 silly publish   dist: { shasum: '1b014ebbd1df736dc87e3b0d40f4ddc664ce79c0' },
136 silly publish   _from: '.' }
137 verbose url raw generator-angular-scotty
138 verbose url resolving [ 'https://registry.npmjs.org/', './generator-angular-scotty' ]
139 verbose url resolved https://registry.npmjs.org/generator-angular-scotty
140 info trying registry request attempt 1 at 14:04:47
141 http PUT https://registry.npmjs.org/generator-angular-scotty
142 http 201 https://registry.npmjs.org/generator-angular-scotty
143 verbose url raw generator-angular-scotty
144 verbose url resolving [ 'https://registry.npmjs.org/', './generator-angular-scotty' ]
145 verbose url resolved https://registry.npmjs.org/generator-angular-scotty
146 info trying registry request attempt 1 at 14:04:47
147 http GET https://registry.npmjs.org/generator-angular-scotty
148 http 200 https://registry.npmjs.org/generator-angular-scotty
149 warn publish Forced publish over generator-angular-scotty@0.1.6
150 verbose url raw generator-angular-scotty
151 verbose url resolving [ 'https://registry.npmjs.org/', './generator-angular-scotty' ]
152 verbose url resolved https://registry.npmjs.org/generator-angular-scotty
153 info trying registry request attempt 1 at 14:04:47
154 http GET https://registry.npmjs.org/generator-angular-scotty
155 http 200 https://registry.npmjs.org/generator-angular-scotty
156 silly registry.get cb [ 200,
156 silly registry.get   { date: 'Thu, 27 Feb 2014 22:04:47 GMT',
156 silly registry.get     server: 'CouchDB/1.5.0 (Erlang OTP/R16B)',
156 silly registry.get     etag: '"B4KY7F9KVYIT9MMAZ8KOWH254"',
156 silly registry.get     'content-type': 'application/json',
156 silly registry.get     'accept-ranges': 'bytes',
156 silly registry.get     via: '1.1 varnish',
156 silly registry.get     age: '0',
156 silly registry.get     'cache-control': 'max-age=1',
156 silly registry.get     'content-length': '12387',
156 silly registry.get     'x-served-by': 'cache-v43-ASH, cache-lax1420-LAX',
156 silly registry.get     'x-cache': 'MISS, MISS',
156 silly registry.get     'x-cache-hits': '0, 0',
156 silly registry.get     'x-timer': 'S1393538687.849297762,VS0,VS15,VE33,VE81',
156 silly registry.get     vary: 'Accept',
156 silly registry.get     'keep-alive': 'timeout=10, max=50',
156 silly registry.get     connection: 'Keep-Alive' } ]
157 verbose unpublish removing attachments { shasum: '1b014ebbd1df736dc87e3b0d40f4ddc664ce79c0',
157 verbose unpublish   tarball: 'http://registry.npmjs.org/generator-angular-scotty/-/generator-angular-scotty-0.1.6.tgz' }
158 verbose url raw generator-angular-scotty/-rev/27-8d88dc172b682ee9c1c2d45a5c436056
159 verbose url resolving [ 'https://registry.npmjs.org/',
159 verbose url resolving   './generator-angular-scotty/-rev/27-8d88dc172b682ee9c1c2d45a5c436056' ]
160 verbose url resolved https://registry.npmjs.org/generator-angular-scotty/-rev/27-8d88dc172b682ee9c1c2d45a5c436056
161 info trying registry request attempt 1 at 14:04:47
162 http PUT https://registry.npmjs.org/generator-angular-scotty/-rev/27-8d88dc172b682ee9c1c2d45a5c436056
163 http 201 https://registry.npmjs.org/generator-angular-scotty/-rev/27-8d88dc172b682ee9c1c2d45a5c436056
164 verbose url raw generator-angular-scotty
165 verbose url resolving [ 'https://registry.npmjs.org/', './generator-angular-scotty' ]
166 verbose url resolved https://registry.npmjs.org/generator-angular-scotty
167 info trying registry request attempt 1 at 14:04:48
168 http GET https://registry.npmjs.org/generator-angular-scotty
169 http 200 https://registry.npmjs.org/generator-angular-scotty
170 silly registry.get cb [ 200,
170 silly registry.get   { date: 'Thu, 27 Feb 2014 22:04:48 GMT',
170 silly registry.get     server: 'CouchDB/1.5.0 (Erlang OTP/R16B)',
170 silly registry.get     etag: '"70JH8V1ETB1BV5DNZWWHOSU1"',
170 silly registry.get     'content-type': 'application/json',
170 silly registry.get     'accept-ranges': 'bytes',
170 silly registry.get     via: '1.1 varnish',
170 silly registry.get     'cache-control': 'max-age=1',
170 silly registry.get     'content-length': '11150',
170 silly registry.get     'x-served-by': 'cache-v37-ASH, cache-lax1431-LAX',
170 silly registry.get     'x-cache': 'MISS, MISS',
170 silly registry.get     'x-cache-hits': '0, 0',
170 silly registry.get     'x-timer': 'S1393538688.601336002,VS0,VS135,VE173,VE102',
170 silly registry.get     vary: 'Accept',
170 silly registry.get     'keep-alive': 'timeout=10, max=50',
170 silly registry.get     connection: 'Keep-Alive' } ]
171 info detach /generator-angular-scotty/-/generator-angular-scotty-0.1.6.tgz/-rev/28-dd77c1f39cff242e004fcdc855c90cec
172 verbose url raw /generator-angular-scotty/-/generator-angular-scotty-0.1.6.tgz/-rev/28-dd77c1f39cff242e004fcdc855c90cec
173 verbose url resolving [ 'https://registry.npmjs.org/',
173 verbose url resolving   './generator-angular-scotty/-/generator-angular-scotty-0.1.6.tgz/-rev/28-dd77c1f39cff242e004fcdc855c90cec' ]
174 verbose url resolved https://registry.npmjs.org/generator-angular-scotty/-/generator-angular-scotty-0.1.6.tgz/-rev/28-dd77c1f39cff242e004fcdc855c90cec
175 info trying registry request attempt 1 at 14:04:48
176 http DELETE https://registry.npmjs.org/generator-angular-scotty/-/generator-angular-scotty-0.1.6.tgz/-rev/28-dd77c1f39cff242e004fcdc855c90cec
177 http 200 https://registry.npmjs.org/generator-angular-scotty/-/generator-angular-scotty-0.1.6.tgz/-rev/28-dd77c1f39cff242e004fcdc855c90cec
178 verbose publish [ '.' ]
179 verbose from cache /Users/ryokota/code/generator-angular-scotty/package.json
180 verbose cache add [ '.', null ]
181 verbose cache add name=undefined spec="." args=[".",null]
182 verbose parsed url { pathname: '.', path: '.', href: '.' }
183 silly lockFile 3a52ce78- .
184 verbose lock . /Users/ryokota/.npm/3a52ce78-.lock
185 verbose from cache package.json
186 verbose tar pack [ '/var/folders/6g/1h2r2rrs75n9zh_14mpcjstc000_4l/T/npm-44306/1393538689169-0.14222228713333607/tmp.tgz',
186 verbose tar pack   '.' ]
187 verbose tarball /var/folders/6g/1h2r2rrs75n9zh_14mpcjstc000_4l/T/npm-44306/1393538689169-0.14222228713333607/tmp.tgz
188 verbose folder .
189 info prepublish generator-angular-scotty@0.1.6
190 silly lockFile 1f1177db-tar tar://.
191 verbose lock tar://. /Users/ryokota/.npm/1f1177db-tar.lock
192 silly lockFile a3cb4acf-9169-0-14222228713333607-tmp-tgz tar:///var/folders/6g/1h2r2rrs75n9zh_14mpcjstc000_4l/T/npm-44306/1393538689169-0.14222228713333607/tmp.tgz
193 verbose lock tar:///var/folders/6g/1h2r2rrs75n9zh_14mpcjstc000_4l/T/npm-44306/1393538689169-0.14222228713333607/tmp.tgz /Users/ryokota/.npm/a3cb4acf-9169-0-14222228713333607-tmp-tgz.lock
194 silly lockFile 1f1177db-tar tar://.
195 silly lockFile 1f1177db-tar tar://.
196 silly lockFile a3cb4acf-9169-0-14222228713333607-tmp-tgz tar:///var/folders/6g/1h2r2rrs75n9zh_14mpcjstc000_4l/T/npm-44306/1393538689169-0.14222228713333607/tmp.tgz
197 silly lockFile a3cb4acf-9169-0-14222228713333607-tmp-tgz tar:///var/folders/6g/1h2r2rrs75n9zh_14mpcjstc000_4l/T/npm-44306/1393538689169-0.14222228713333607/tmp.tgz
198 verbose tar unpack /var/folders/6g/1h2r2rrs75n9zh_14mpcjstc000_4l/T/npm-44306/1393538689169-0.14222228713333607/tmp.tgz
199 silly lockFile 13e59edb-9169-0-14222228713333607-package tar:///var/folders/6g/1h2r2rrs75n9zh_14mpcjstc000_4l/T/npm-44306/1393538689169-0.14222228713333607/package
200 verbose lock tar:///var/folders/6g/1h2r2rrs75n9zh_14mpcjstc000_4l/T/npm-44306/1393538689169-0.14222228713333607/package /Users/ryokota/.npm/13e59edb-9169-0-14222228713333607-package.lock
201 silly lockFile a3cb4acf-9169-0-14222228713333607-tmp-tgz tar:///var/folders/6g/1h2r2rrs75n9zh_14mpcjstc000_4l/T/npm-44306/1393538689169-0.14222228713333607/tmp.tgz
202 verbose lock tar:///var/folders/6g/1h2r2rrs75n9zh_14mpcjstc000_4l/T/npm-44306/1393538689169-0.14222228713333607/tmp.tgz /Users/ryokota/.npm/a3cb4acf-9169-0-14222228713333607-tmp-tgz.lock
203 silly gunzTarPerm modes [ '755', '644' ]
204 silly gunzTarPerm extractEntry package.json
205 silly gunzTarPerm extractEntry .npmignore
206 silly gunzTarPerm extractEntry README.md
207 silly gunzTarPerm extractEntry LICENSE
208 silly gunzTarPerm extractEntry entity/index.js
209 silly gunzTarPerm extractEntry entity/templates/_generator.json
210 silly gunzTarPerm extractEntry entity/templates/public/js/entity/_entity-controller.js
211 silly gunzTarPerm extractEntry entity/templates/public/js/entity/_entity-router.js
212 silly gunzTarPerm extractEntry entity/templates/public/js/entity/_entity-service.js
213 silly gunzTarPerm extractEntry entity/templates/public/views/entity/_entities.html
214 silly gunzTarPerm extractEntry app/index.js
215 silly gunzTarPerm extractEntry app/templates/Gruntfile.js
216 silly gunzTarPerm extractEntry app/templates/gitignore
217 silly gunzTarPerm extractEntry app/templates/_package.json
218 silly gunzTarPerm extractEntry app/templates/app.cabal
219 silly gunzTarPerm extractEntry app/templates/bowerrc
220 silly gunzTarPerm extractEntry app/templates/editorconfig
221 silly gunzTarPerm extractEntry app/templates/_generator.json
222 silly gunzTarPerm extractEntry app/templates/_bower.json
223 silly gunzTarPerm extractEntry app/templates/jshintrc
224 silly gunzTarPerm extractEntry app/templates/public/_index.html
225 silly gunzTarPerm extractEntry app/templates/public/css/app.css
226 silly gunzTarPerm extractEntry app/templates/public/js/_app.js
227 silly gunzTarPerm extractEntry app/templates/public/js/home/_home-controller.js
228 silly gunzTarPerm extractEntry app/templates/public/views/home/_home.html
229 silly gunzTarPerm extractEntry app/templates/Setup.hs
230 silly gunzTarPerm extractEntry app/templates/src/_Main.hs
231 silly gunzTarPerm extractEntry app/templates/src/_Models.hs
232 silly gunzTarPerm extractEntry .gitattributes
233 silly gunzTarPerm extractEntry .editorconfig
234 silly gunzTarPerm extractEntry .jshintrc
235 silly gunzTarPerm extractEntry .travis.yml
236 silly gunzTarPerm extractEntry test/test-creation.js
237 silly gunzTarPerm extractEntry test/test-load.js
238 verbose read json /var/folders/6g/1h2r2rrs75n9zh_14mpcjstc000_4l/T/npm-44306/1393538689169-0.14222228713333607/package/package.json
239 silly lockFile 13e59edb-9169-0-14222228713333607-package tar:///var/folders/6g/1h2r2rrs75n9zh_14mpcjstc000_4l/T/npm-44306/1393538689169-0.14222228713333607/package
240 silly lockFile 13e59edb-9169-0-14222228713333607-package tar:///var/folders/6g/1h2r2rrs75n9zh_14mpcjstc000_4l/T/npm-44306/1393538689169-0.14222228713333607/package
241 silly lockFile a3cb4acf-9169-0-14222228713333607-tmp-tgz tar:///var/folders/6g/1h2r2rrs75n9zh_14mpcjstc000_4l/T/npm-44306/1393538689169-0.14222228713333607/tmp.tgz
242 silly lockFile a3cb4acf-9169-0-14222228713333607-tmp-tgz tar:///var/folders/6g/1h2r2rrs75n9zh_14mpcjstc000_4l/T/npm-44306/1393538689169-0.14222228713333607/tmp.tgz
243 verbose from cache /var/folders/6g/1h2r2rrs75n9zh_14mpcjstc000_4l/T/npm-44306/1393538689169-0.14222228713333607/package/package.json
244 verbose tar pack [ '/Users/ryokota/.npm/generator-angular-scotty/0.1.6/package.tgz',
244 verbose tar pack   '/var/folders/6g/1h2r2rrs75n9zh_14mpcjstc000_4l/T/npm-44306/1393538689169-0.14222228713333607/package' ]
245 verbose tarball /Users/ryokota/.npm/generator-angular-scotty/0.1.6/package.tgz
246 verbose folder /var/folders/6g/1h2r2rrs75n9zh_14mpcjstc000_4l/T/npm-44306/1393538689169-0.14222228713333607/package
247 silly lockFile 13e59edb-9169-0-14222228713333607-package tar:///var/folders/6g/1h2r2rrs75n9zh_14mpcjstc000_4l/T/npm-44306/1393538689169-0.14222228713333607/package
248 verbose lock tar:///var/folders/6g/1h2r2rrs75n9zh_14mpcjstc000_4l/T/npm-44306/1393538689169-0.14222228713333607/package /Users/ryokota/.npm/13e59edb-9169-0-14222228713333607-package.lock
249 silly lockFile 9dfa8c2f-angular-scotty-0-1-6-package-tgz tar:///Users/ryokota/.npm/generator-angular-scotty/0.1.6/package.tgz
250 verbose lock tar:///Users/ryokota/.npm/generator-angular-scotty/0.1.6/package.tgz /Users/ryokota/.npm/9dfa8c2f-angular-scotty-0-1-6-package-tgz.lock
251 silly lockFile 13e59edb-9169-0-14222228713333607-package tar:///var/folders/6g/1h2r2rrs75n9zh_14mpcjstc000_4l/T/npm-44306/1393538689169-0.14222228713333607/package
252 silly lockFile 13e59edb-9169-0-14222228713333607-package tar:///var/folders/6g/1h2r2rrs75n9zh_14mpcjstc000_4l/T/npm-44306/1393538689169-0.14222228713333607/package
253 silly lockFile 9dfa8c2f-angular-scotty-0-1-6-package-tgz tar:///Users/ryokota/.npm/generator-angular-scotty/0.1.6/package.tgz
254 silly lockFile 9dfa8c2f-angular-scotty-0-1-6-package-tgz tar:///Users/ryokota/.npm/generator-angular-scotty/0.1.6/package.tgz
255 silly lockFile 290dbddf-tor-angular-scotty-0-1-6-package /Users/ryokota/.npm/generator-angular-scotty/0.1.6/package
256 verbose lock /Users/ryokota/.npm/generator-angular-scotty/0.1.6/package /Users/ryokota/.npm/290dbddf-tor-angular-scotty-0-1-6-package.lock
257 silly lockFile 290dbddf-tor-angular-scotty-0-1-6-package /Users/ryokota/.npm/generator-angular-scotty/0.1.6/package
258 silly lockFile 290dbddf-tor-angular-scotty-0-1-6-package /Users/ryokota/.npm/generator-angular-scotty/0.1.6/package
259 verbose tar unpack /Users/ryokota/.npm/generator-angular-scotty/0.1.6/package.tgz
260 silly lockFile 981ff289-tor-angular-scotty-0-1-6-package tar:///Users/ryokota/.npm/generator-angular-scotty/0.1.6/package
261 verbose lock tar:///Users/ryokota/.npm/generator-angular-scotty/0.1.6/package /Users/ryokota/.npm/981ff289-tor-angular-scotty-0-1-6-package.lock
262 silly lockFile 9dfa8c2f-angular-scotty-0-1-6-package-tgz tar:///Users/ryokota/.npm/generator-angular-scotty/0.1.6/package.tgz
263 verbose lock tar:///Users/ryokota/.npm/generator-angular-scotty/0.1.6/package.tgz /Users/ryokota/.npm/9dfa8c2f-angular-scotty-0-1-6-package-tgz.lock
264 silly gunzTarPerm modes [ '755', '644' ]
265 silly gunzTarPerm extractEntry package.json
266 silly gunzTarPerm extractEntry .npmignore
267 silly gunzTarPerm extractEntry README.md
268 silly gunzTarPerm extractEntry LICENSE
269 silly gunzTarPerm extractEntry app/index.js
270 silly gunzTarPerm extractEntry app/templates/Gruntfile.js
271 silly gunzTarPerm extractEntry app/templates/gitignore
272 silly gunzTarPerm extractEntry app/templates/_package.json
273 silly gunzTarPerm extractEntry app/templates/app.cabal
274 silly gunzTarPerm extractEntry app/templates/bowerrc
275 silly gunzTarPerm extractEntry app/templates/editorconfig
276 silly gunzTarPerm extractEntry app/templates/_generator.json
277 silly gunzTarPerm extractEntry app/templates/_bower.json
278 silly gunzTarPerm extractEntry app/templates/jshintrc
279 silly gunzTarPerm extractEntry app/templates/public/_index.html
280 silly gunzTarPerm extractEntry app/templates/public/css/app.css
281 silly gunzTarPerm extractEntry app/templates/public/js/_app.js
282 silly gunzTarPerm extractEntry app/templates/public/js/home/_home-controller.js
283 silly gunzTarPerm extractEntry app/templates/public/views/home/_home.html
284 silly gunzTarPerm extractEntry app/templates/Setup.hs
285 silly gunzTarPerm extractEntry app/templates/src/_Main.hs
286 silly gunzTarPerm extractEntry app/templates/src/_Models.hs
287 silly gunzTarPerm extractEntry .gitattributes
288 silly gunzTarPerm extractEntry entity/index.js
289 silly gunzTarPerm extractEntry entity/templates/_generator.json
290 silly gunzTarPerm extractEntry entity/templates/public/js/entity/_entity-controller.js
291 silly gunzTarPerm extractEntry entity/templates/public/js/entity/_entity-router.js
292 silly gunzTarPerm extractEntry entity/templates/public/js/entity/_entity-service.js
293 silly gunzTarPerm extractEntry entity/templates/public/views/entity/_entities.html
294 silly gunzTarPerm extractEntry .jshintrc
295 silly gunzTarPerm extractEntry .editorconfig
296 silly gunzTarPerm extractEntry .travis.yml
297 silly gunzTarPerm extractEntry test/test-creation.js
298 silly gunzTarPerm extractEntry test/test-load.js
299 verbose from cache /Users/ryokota/.npm/generator-angular-scotty/0.1.6/package/package.json
300 silly lockFile 981ff289-tor-angular-scotty-0-1-6-package tar:///Users/ryokota/.npm/generator-angular-scotty/0.1.6/package
301 silly lockFile 981ff289-tor-angular-scotty-0-1-6-package tar:///Users/ryokota/.npm/generator-angular-scotty/0.1.6/package
302 silly lockFile 9dfa8c2f-angular-scotty-0-1-6-package-tgz tar:///Users/ryokota/.npm/generator-angular-scotty/0.1.6/package.tgz
303 silly lockFile 9dfa8c2f-angular-scotty-0-1-6-package-tgz tar:///Users/ryokota/.npm/generator-angular-scotty/0.1.6/package.tgz
304 verbose from cache /Users/ryokota/.npm/generator-angular-scotty/0.1.6/package/package.json
305 verbose chmod /Users/ryokota/.npm/generator-angular-scotty/0.1.6/package.tgz 644
306 verbose chown /Users/ryokota/.npm/generator-angular-scotty/0.1.6/package.tgz [ 10387, 20 ]
307 silly lockFile 3a52ce78- .
308 silly lockFile 3a52ce78- .
309 silly publish { name: 'generator-angular-scotty',
309 silly publish   version: '0.1.6',
309 silly publish   description: 'A Yeoman generator for AngularJS + Scotty',
309 silly publish   keywords:
309 silly publish    [ 'yeoman-generator',
309 silly publish      'Haskell',
309 silly publish      'Scotty',
309 silly publish      'Persistent',
309 silly publish      'AngularJS',
309 silly publish      'Bootstrap' ],
309 silly publish   homepage: 'https://github.com/rayokota/generator-angular-scotty',
309 silly publish   bugs: { url: 'https://github.com/rayokota/generator-angular-scotty/issues' },
309 silly publish   author: { name: 'Robert Yokota', url: 'https://github.com/rayokota' },
309 silly publish   main: 'app/index.js',
309 silly publish   repository:
309 silly publish    { type: 'git',
309 silly publish      url: 'git://github.com/rayokota/generator-angular-scotty.git' },
309 silly publish   scripts: { test: 'mocha' },
309 silly publish   dependencies:
309 silly publish    { 'yeoman-generator': '~0.14.0',
309 silly publish      URIjs: '~1.11.2',
309 silly publish      lodash: '~2.4.1',
309 silly publish      'underscore.string': '~2.3.3',
309 silly publish      pluralize: '~0.0.6',
309 silly publish      asciify: '~1.3.3' },
309 silly publish   devDependencies: { mocha: '~1.14.0' },
309 silly publish   peerDependencies: { yo: '>=1.0.0' },
309 silly publish   engines: { node: '>=0.8.0', npm: '>=1.2.10' },
309 silly publish   licenses: [ { type: 'MIT' } ],
309 silly publish   readme: '# The Angular-Scotty generator \n\nA [Yeoman](http://yeoman.io) generator for [AngularJS](http://angularjs.org) and [Scotty](https://github.com/scotty-web/scotty).\n\nScotty is a Haskell-based micro-framework.  For AngularJS integration with other micro-frameworks, see https://github.com/rayokota/MicroFrameworkRosettaStone.\n\n## Installation\n\nInstall [Git](http://git-scm.com), [node.js](http://nodejs.org), [Haskell](http://www.haskell.org/haskellwiki/Haskell), [GHC 7.6.3](https://www.haskell.org/ghc/), and [Cabal 1.18](http://www.haskell.org/cabal/download.html).  The development mode also requires [SQLite](http://www.sqlite.org).\n\nInstall Yeoman:\n\n    npm install -g yo\n\nInstall the Angular-Scotty generator:\n\n    npm install -g generator-angular-scotty\n\n## Creating a Scotty service\n\nIn a new directory, generate the service:\n\n    yo angular-scotty\n\nCreate the cabal sandbox and install dependencies:\n    \n    cabal sandbox init\n    cabal install\n    \nRun the service:\n\n    cabal run Main\n\nYour service will run at [http://localhost:3000](http://localhost:3000).\n\n\n## Creating a persistent entity\n\nGenerate the entity:\n\n    yo angular-scotty:entity [myentity]\n\nYou will be asked to specify attributes for the entity, where each attribute has the following:\n\n- a name\n- a type (String, Integer, Float, Boolean, Date, Enum)\n- for a String attribute, an optional minimum and maximum length\n- for a numeric attribute, an optional minimum and maximum value\n- for a Date attribute, an optional constraint to either past values or future values\n- for an Enum attribute, a list of enumerated values\n- whether the attribute is required\n\nFiles that are regenerated will appear as conflicts.  Allow the generator to overwrite these files as long as no custom changes have been made.\n\nRun the service:\n\n    cabal run Main\n    \nA client-side AngularJS application will now be available by running\n\n\tgrunt server\n\t\nThe Grunt server will run at [http://localhost:9000](http://localhost:9000).  It will proxy REST requests to the Scotty service running at [http://localhost:3000](http://localhost:3000).\n\nAt this point you should be able to navigate to a page to manage your persistent entities.  \n\nThe Grunt server supports hot reloading of client-side HTML/CSS/Javascript file changes.\n\n',
309 silly publish   readmeFilename: 'README.md',
309 silly publish   _id: 'generator-angular-scotty@0.1.6',
309 silly publish   dist:
309 silly publish    { shasum: '1b014ebbd1df736dc87e3b0d40f4ddc664ce79c0',
309 silly publish      tarball: 'http://registry.npmjs.org/generator-angular-scotty/-/generator-angular-scotty-0.1.6.tgz' },
309 silly publish   _from: '.',
309 silly publish   _npmVersion: '1.2.30',
309 silly publish   _npmUser: { name: 'rayokota', email: 'rayokota@gmail.com' } }
310 verbose url raw generator-angular-scotty
311 verbose url resolving [ 'https://registry.npmjs.org/', './generator-angular-scotty' ]
312 verbose url resolved https://registry.npmjs.org/generator-angular-scotty
313 info trying registry request attempt 1 at 14:04:49
314 http PUT https://registry.npmjs.org/generator-angular-scotty
315 http 201 https://registry.npmjs.org/generator-angular-scotty
316 verbose url raw generator-angular-scotty
317 verbose url resolving [ 'https://registry.npmjs.org/', './generator-angular-scotty' ]
318 verbose url resolved https://registry.npmjs.org/generator-angular-scotty
319 info trying registry request attempt 1 at 14:04:49
320 http GET https://registry.npmjs.org/generator-angular-scotty
321 http 200 https://registry.npmjs.org/generator-angular-scotty
322 verbose uploading [ 'generator-angular-scotty/-/generator-angular-scotty-0.1.6.tgz/-rev/30-09648a3dc7c6b20357af16ef53557080',
322 verbose uploading   '/Users/ryokota/.npm/generator-angular-scotty/0.1.6/package.tgz' ]
323 verbose url raw generator-angular-scotty/-/generator-angular-scotty-0.1.6.tgz/-rev/30-09648a3dc7c6b20357af16ef53557080
324 verbose url resolving [ 'https://registry.npmjs.org/',
324 verbose url resolving   './generator-angular-scotty/-/generator-angular-scotty-0.1.6.tgz/-rev/30-09648a3dc7c6b20357af16ef53557080' ]
325 verbose url resolved https://registry.npmjs.org/generator-angular-scotty/-/generator-angular-scotty-0.1.6.tgz/-rev/30-09648a3dc7c6b20357af16ef53557080
326 info trying registry request attempt 1 at 14:04:50
327 http PUT https://registry.npmjs.org/generator-angular-scotty/-/generator-angular-scotty-0.1.6.tgz/-rev/30-09648a3dc7c6b20357af16ef53557080
328 http 201 https://registry.npmjs.org/generator-angular-scotty/-/generator-angular-scotty-0.1.6.tgz/-rev/30-09648a3dc7c6b20357af16ef53557080
329 verbose publish attached [ 'generator-angular-scotty',
329 verbose publish   '/Users/ryokota/.npm/generator-angular-scotty/0.1.6/package.tgz',
329 verbose publish   'generator-angular-scotty-0.1.6.tgz' ]
330 verbose url raw generator-angular-scotty/0.1.6/-tag/latest
331 verbose url resolving [ 'https://registry.npmjs.org/',
331 verbose url resolving   './generator-angular-scotty/0.1.6/-tag/latest' ]
332 verbose url resolved https://registry.npmjs.org/generator-angular-scotty/0.1.6/-tag/latest
333 info trying registry request attempt 1 at 14:04:50
334 http PUT https://registry.npmjs.org/generator-angular-scotty/0.1.6/-tag/latest
335 http 403 https://registry.npmjs.org/generator-angular-scotty/0.1.6/-tag/latest
336 info trying registry request attempt 1 at 14:04:51
337 http PUT https://registry.npmjs.org/generator-angular-scotty/0.1.6/-tag/latest
338 http 403 https://registry.npmjs.org/generator-angular-scotty/0.1.6/-tag/latest
339 error publish Error uploading package
340 error Error: forbidden Cannot replace previously published version: 0.1.6: generator-angular-scotty/0.1.6/-tag/latest
340 error     at RegClient.<anonymous> (/usr/local/lib/node_modules/npm/node_modules/npm-registry-client/lib/request.js:272:14)
340 error     at Request.init.self.callback (/usr/local/lib/node_modules/npm/node_modules/request/index.js:148:22)
340 error     at Request.EventEmitter.emit (events.js:99:17)
340 error     at Request.onResponse (/usr/local/lib/node_modules/npm/node_modules/request/index.js:876:14)
340 error     at Request.EventEmitter.emit (events.js:126:20)
340 error     at IncomingMessage.Request.onResponse.buffer (/usr/local/lib/node_modules/npm/node_modules/request/index.js:827:12)
340 error     at IncomingMessage.EventEmitter.emit (events.js:126:20)
340 error     at IncomingMessage._emitEnd (http.js:367:10)
340 error     at HTTPParser.parserOnMessageComplete [as onMessageComplete] (http.js:149:23)
340 error     at CleartextStream.socketOnData [as ondata] (http.js:1491:20)
341 error If you need help, you may report this log at:
341 error     <http://github.com/isaacs/npm/issues>
341 error or email it to:
341 error     <npm-@googlegroups.com>
342 error System Darwin 12.5.0
343 error command "node" "/usr/local/bin/npm" "publish" "--force"
344 error cwd /Users/ryokota/code/generator-angular-scotty
345 error node -v v0.8.26
346 error npm -v 1.2.30
347 verbose exit [ 1, true ]
